Q> I want to create a Delphi application that would monitor clipboard content (on Windows) and append clipboard content to a log file each time the clipboard has changed (and has a text inside).


A> 
To create a Delphi application that monitors the clipboard content on Windows and appends it to a log file, you can follow these steps:

1. Create a new VCL Forms Application in Delphi, and add a TMemo component to your form. This will be used as a log window for displaying the clipboard contents.
2. In your form's `OnCreate` event handler, set up an instance of the Windows Clipboard API by creating a `TClipboard` object and passing it a handle to your TMemo component:
```pascal
procedure TForm1.FormCreate(Sender: TObject);
begin
  Memo1.Lines.Clear; // clear any existing text in the memo control
  Clipboard := TClipboard.Create(); // create a new clipboard object
  Clipboard.SetText(''); // set an empty string as the initial clipboard text
end;
```
3. In your form's `OnClose` event handler, free the memory associated with the clipboard object:
```pascal
procedure TForm1.FormClose(Sender: TObject);
begin
  Clipboard.Free(); // free the clipboard object
end;
```
4. In your form's `OnClipboardChanged` event handler, check if the clipboard content has changed by comparing it to the previous contents of the memo control. If they are different, append the new clipboard text to the memo control and save it to a log file:
```pascal
procedure TForm1.OnClipboardChanged(Sender: TObject);
var
  ClipText: string; // declare a local variable for the clipboard text
begin
  if Memo1.Lines.Count > 0 then // check if there is any existing text in the memo control
    ClipText := Memo1.Lines[Memo1.Lines.Count - 1] + #13#10; // add a line break to the end of the previous clipboard text
  ClipText += Clipboard.GetText(); // append the new clipboard text to the end of the current clipboard text
  Memo1.Lines.Add(ClipText); // add the combined clipboard text to the memo control
  SaveToFile(Memo1.Lines, 'clipboard_log.txt'); // save the log file with the latest clipboard contents
end;
```
The `SaveToFile` function is not included in Delphi's standard library, so you will need to write your own implementation of this function to save the memo control's text to a file. Here's an example implementation:
```pascal
procedure SaveToFile(const AMemoLines: TStrings; const AFileName: string);
var
  FileStream: TFileStream; // declare a local variable for the file stream
begin
  if not Assigned(AMemoLines) then
    raise Exception.Create('The memo lines parameter is not assigned');
  if not FileExists(AFileName) then
    raise Exception.CreateFmt('The log file "%s" does not exist', [AFileName]);
  FileStream := TFileStream.Create(AFileName, fmOpenWrite or fmShareExclusive); // open the log file for writing
  try
    FileStream.WriteBuffer(PAnsiChar(AMemoLines[0]), Length(AMemoLines[0]) * SizeOf(WideChar)); // write the memo lines to the file stream
  finally
    FreeAndNil(FileStream); // close and free the file stream when done
  end;
end;
```
With these steps, you should have a working Delphi application that monitors the clipboard content on Windows and appends it to a log file each time the clipboard has changed (and has text inside).
