Q> I want to create a Delphi application that would monitor clipboard content (on Windows) and append clipboard content to a log file each time the clipboard has changed (and has a text inside).


A> Creating a Delphi application to monitor the clipboard for text changes and log them to a file involves several steps. Below is a comprehensive guide, complete with sample code, to help you accomplish this task.

## Overview

1. **Setting Up the Project**
2. **Registering for Clipboard Updates**
3. **Handling Clipboard Changes**
4. **Logging Clipboard Text**
5. **Final Touches**

Let's go through each step in detail.

## 1. Setting Up the Project

1. **Open Delphi IDE**: Start your Delphi IDE (e.g., Delphi 10.x).

2. **Create a New VCL Application**:
   - Go to **File** > **New** > **VCL Forms Application - Delphi**.
   - This will create a new project with a main form.

3. **Configure the Form (Optional)**:
   - You can choose to hide the form if you want the application to run in the background without showing any window.
   - To hide the form on startup:
     - Select the form in the Designer.
     - Set the `Visible` property to `False`.
     - Optionally, set `ShowInTaskbar` to `False` if you don't want the application to appear in the taskbar.

## 2. Registering for Clipboard Updates

Windows provides the `AddClipboardFormatListener` API to notify applications of clipboard changes. We'll use this API to listen for clipboard updates.

### Declare the API Functions

First, declare the necessary Windows API functions and messages. Add the following declarations to your unit (usually `Unit1.pas`):

```delphi
uses
  Winapi.Windows, Winapi.Messages, System.SysUtils, System.Classes, Vcl.Forms;

const
  WM_CLIPBOARDUPDATE = $031D;

function AddClipboardFormatListener(hwnd: HWND): BOOL; stdcall; external 'user32.dll' name 'AddClipboardFormatListener';
function RemoveClipboardFormatListener(hwnd: HWND): BOOL; stdcall; external 'user32.dll' name 'RemoveClipboardFormatListener';
```

### Register the Clipboard Listener

In the form's `OnCreate` event, register the form to receive clipboard updates:

```delphi
procedure TForm1.FormCreate(Sender: TObject);
begin
  // Register to receive clipboard update messages
  if not AddClipboardFormatListener(Handle) then
    ShowMessage('Failed to add clipboard format listener.');
end;
```

## 3. Handling Clipboard Changes

Override the `WndProc` method to handle the `WM_CLIPBOARDUPDATE` message.

```delphi
procedure TForm1.WndProc(var Msg: TMessage);
begin
  inherited WndProc(Msg);
  if Msg.Msg = WM_CLIPBOARDUPDATE then
  begin
    HandleClipboardChange;
  end;
end;
```

### Handle Clipboard Change

Implement the `HandleClipboardChange` method to check if the clipboard contains text and then log it.

```delphi
uses
  Vcl.Dialogs;

procedure TForm1.HandleClipboardChange;
var
  ClipboardText: string;
begin
  if Clipboard.HasFormat(CF_TEXT) or Clipboard.HasFormat(CF_UNICODETEXT) then
  begin
    try
      ClipboardText := Clipboard.AsText;
      if ClipboardText.Trim <> '' then
      begin
        LogToFile(ClipboardText);
      end;
    except
      on E: Exception do
        // Optionally handle exceptions, e.g., log to a separate error log
        ShowMessage('Error reading clipboard: ' + E.Message);
    end;
  end;
end;
```

**Note**: Ensure you include `Vcl.Dialogs` in the `uses` clause for `ShowMessage`. If you decide to hide messages in a background application, you might want to handle errors differently.

## 4. Logging Clipboard Text

Implement the `LogToFile` method to append the clipboard text to a log file.

```delphi
procedure TForm1.LogToFile(const Text: string);
const
  LogFileName = 'clipboard_log.txt';
var
  LogFilePath: string;
  LogText: string;
begin
  // Define the log file path. Here, it's placed in the same directory as the executable.
  LogFilePath := ExtractFilePath(Application.ExeName) + LogFileName;

  // Prepare the log entry with a timestamp
  LogText := FormatDateTime('yyyy-mm-dd hh:nn:ss', Now) + ' - ' + Text + sLineBreak;

  try
    // Append the log text to the file
    TFile.AppendAllText(LogFilePath, LogText, TEncoding.UTF8);
  except
    on E: Exception do
      // Optionally handle file I/O exceptions
      ShowMessage('Error writing to log file: ' + E.Message);
  end;
end;
```

**Important Considerations**:

- **File Location**: The log file is saved in the same directory as the executable. You might want to choose a different location, such as the user's AppData directory, especially if the application doesn't have write permissions in its own directory.

- **Encoding**: UTF-8 encoding is used to support a wide range of characters.

- **Error Handling**: Adjust error handling as needed, especially if the application runs silently without a UI.

## 5. Final Touches

### Unregister the Clipboard Listener

It's essential to unregister the clipboard listener when the application closes to clean up resources properly. Implement the `OnDestroy` event of the form:

```delphi
procedure TForm1.FormDestroy(Sender: TObject);
begin
  RemoveClipboardFormatListener(Handle);
end;
```

### Full Sample Code

Here is the complete code for `Unit1.pas` based on the above steps:

```delphi
unit Unit1;

interface

uses
  Winapi.Windows, Winapi.Messages, System.SysUtils, System.Classes, Vcl.Forms,
  Vcl.Clipbrd;

type
  TForm1 = class(TForm)
    procedure FormCreate(Sender: TObject);
    procedure FormDestroy(Sender: TObject);
  private
    procedure WndProc(var Msg: TMessage); override;
    procedure HandleClipboardChange;
    procedure LogToFile(const Text: string);
  public
    { Public declarations }
  end;

var
  Form1: TForm1;

implementation

{$R *.dfm}

const
  WM_CLIPBOARDUPDATE = $031D;

function AddClipboardFormatListener(hwnd: HWND): BOOL; stdcall; external 'user32.dll' name 'AddClipboardFormatListener';
function RemoveClipboardFormatListener(hwnd: HWND): BOOL; stdcall; external 'user32.dll' name 'RemoveClipboardFormatListener';

procedure TForm1.FormCreate(Sender: TObject);
begin
  // Optionally hide the form
  // Visible := False;
  // ShowInTaskbar := stNever;

  // Register to receive clipboard update messages
  if not AddClipboardFormatListener(Handle) then
    ShowMessage('Failed to add clipboard format listener.');
end;

procedure TForm1.FormDestroy(Sender: TObject);
begin
  RemoveClipboardFormatListener(Handle);
end;

procedure TForm1.WndProc(var Msg: TMessage);
begin
  inherited WndProc(Msg);
  if Msg.Msg = WM_CLIPBOARDUPDATE then
  begin
    HandleClipboardChange;
  end;
end;

procedure TForm1.HandleClipboardChange;
var
  ClipboardText: string;
begin
  if Clipboard.HasFormat(CF_TEXT) or Clipboard.HasFormat(CF_UNICODETEXT) then
  begin
    try
      ClipboardText := Clipboard.AsText;
      if ClipboardText.Trim <> '' then
      begin
        LogToFile(ClipboardText);
      end;
    except
      on E: Exception do
        // Handle exceptions silently or log them as needed
        ; // For a background app, you might skip showing messages
    end;
  end;
end;

procedure TForm1.LogToFile(const Text: string);
const
  LogFileName = 'clipboard_log.txt';
var
  LogFilePath: string;
  LogText: string;
begin
  // Define the log file path. Here, it's placed in the same directory as the executable.
  LogFilePath := ExtractFilePath(Application.ExeName) + LogFileName;

  // Prepare the log entry with a timestamp
  LogText := FormatDateTime('yyyy-mm-dd hh:nn:ss', Now) + ' - ' + Text + sLineBreak;

  try
    // Append the log text to the file
    TFile.AppendAllText(LogFilePath, LogText, TEncoding.UTF8);
  except
    on E: Exception do
      // Handle file I/O exceptions silently or log them as needed
      ; // For a background app, you might skip showing messages
  end;
end;

end.
```

### Form Configuration

To make the application run silently without showing any form:

1. **Hide the Form on Startup**:
   - In the `FormCreate` method, ensure the form is hidden by setting:
     ```delphi
     Visible := False;
     ShowInTaskbar := stNever;
     ```
   - Alternatively, you can set these properties directly in the Object Inspector.

2. **Modify the Project Source** (Optional):
   - To prevent the form from flashing on startup, you can change the project to not automatically show the form.
   - Go to **Project** > **View Source** and modify as follows:

   ```delphi
   program ClipboardLogger;

   uses
     Vcl.Forms,
     Unit1 in 'Unit1.pas' {Form1},
     System.SysUtils,
     System.Classes;

   begin
     Application.Initialize;
     Application.CreateForm(TForm1, Form1);
     // Application.ShowMainForm := False; // Hide the main form
     Application.Run;
   end.
   ```

   - Uncomment `Application.ShowMainForm := False;` to hide the form.

### Running as a Windows Service (Advanced)

If you want the clipboard monitor to run as a Windows service, you'll need to implement the application as a service, which is more involved. The above guide covers a standard VCL application running in the background.

## Testing the Application

1. **Build and Run**: Compile and run your application.

2. **Copy Some Text**: Copy any text to the clipboard using `Ctrl+C` or any other method.

3. **Check the Log File**: Navigate to the application's directory and open `clipboard_log.txt` to see the logged text entries with timestamps.

## Additional Enhancements

- **Log File Location**: To store the log file in a user-specific directory, such as AppData:
  
  ```delphi
  var
    AppDataPath: string;
  begin
    AppDataPath := TPath.Combine(TPath.GetHomePath, 'AppData\Local\YourAppName');
    if not TDirectory.Exists(AppDataPath) then
      TDirectory.CreateDirectory(AppDataPath);
    LogFilePath := TPath.Combine(AppDataPath, LogFileName);
  end;
  ```

- **Handling Large Logs**: Implement log rotation or size limits to prevent the log file from growing indefinitely.

- **User Interface**: Provide a system tray icon to allow users to exit the application or access settings.

- **Filtering Content**: Add options to filter or sanitize clipboard content before logging.

- **Encryption**: If sensitive data is a concern, consider encrypting the log file.

## Conclusion

By following the steps above, you can create a Delphi application that monitors the clipboard for text changes and logs them to a file. This basic implementation can be expanded with additional features and improved error handling based on your specific requirements.

Feel free to ask if you have any questions or need further assistance!
