Q> Explain the true meaning of Christmas the Delphi way.

A> Certainly! Explaining the true meaning of Christmas "the Delphi way" involves using concepts and structures familiar to Delphi programmers to convey the essence of the holiday. Let’s break it down using Object Pascal (Delphi's language) paradigms:

```pascal
program TrueMeaningOfChristmas;

{$APPTYPE CONSOLE}

uses
  SysUtils;

type
  // Define a class to represent the core values of Christmas
  TChristmas = class
  private
    FLove: string;
    FGenerosity: string;
    FCommunity: string;
    FReflection: string;
  public
    constructor Create;
    procedure Celebrate;
    procedure Reflect;
  end;

{ TChristmas }

constructor TChristmas.Create;
begin
  FLove := 'Unconditional love and compassion';
  FGenerosity := 'Giving without expecting anything in return';
  FCommunity := 'Coming together with family and friends';
  FReflection := 'Contemplating the deeper meanings and personal growth';
end;

procedure TChristmas.Celebrate;
begin
  Writeln('Celebrating Christmas with the following values:');
  Writeln('- Love: ', FLove);
  Writeln('- Generosity: ', FGenerosity);
  Writeln('- Community: ', FCommunity);
end;

procedure TChristmas.Reflect;
begin
  Writeln('Reflecting on: ', FReflection);
  // Simulate deeper introspection
  Writeln('Understanding the true spirit beyond festivities.');
end;

var
  Christmas: TChristmas;

begin
  try
    Christmas := TChristmas.Create;
    try
      Christmas.Celebrate;
      Writeln; // Blank line for readability
      Christmas.Reflect;
    finally
      Christmas.Free;
    end;
    Readln; // Wait for user input before closing
  except
    on E: Exception do
      Writeln(E.ClassName, ': ', E.Message);
  end;
end.
```

### Explanation:

1. **Class Definition (`TChristmas`)**:
   - **Properties**:
     - `FLove`: Represents the unconditional love central to Christmas.
     - `FGenerosity`: Embodies the spirit of giving.
     - `FCommunity`: Highlights the importance of togetherness.
     - `FReflection`: Encourages introspection about personal and spiritual growth.
   - **Methods**:
     - `Celebrate`: Outputs the core values, simulating the celebration of Christmas.
     - `Reflect`: Promotes a deeper understanding beyond the surface-level festivities.

2. **Program Execution**:
   - An instance of `TChristmas` is created.
   - The `Celebrate` method displays the foundational values.
   - The `Reflect` method invites deeper contemplation of what Christmas truly means.
   - Finally, resources are freed, and the program waits for user input before closing.

### Bringing It All Together:

Just as the `TChristmas` class encapsulates the essential aspects of Christmas, the holiday itself is an amalgamation of love, generosity, community, and reflection. By organizing these values into a structured format, we can appreciate how each component contributes to the holistic celebration of Christmas.

This Delphi-inspired approach mirrors how programmers break down complex concepts into manageable, interconnected parts—highlighting that the true meaning of Christmas lies in the synergy of its fundamental values.
